
/home/runner/work/exp-conduction-slab-iitb/exp-conduction-slab-iitb/experiment/simulation/common_libraries/js/ts_components/collapse_step.js
   1:10  warning  'show_step' is defined but never used                 no-unused-vars
   2:5   warning  '$' is not defined                                    no-undef
   3:9   warning  '$' is not defined                                    no-undef
   6:10  warning  'hide_step' is defined but never used                 no-unused-vars
   7:5   warning  '$' is not defined                                    no-undef
   8:9   warning  '$' is not defined                                    no-undef
  11:10  warning  'get_collapse_btn_text' is defined but never used     no-unused-vars
  20:10  warning  'get_collapse_btn_element' is defined but never used  no-unused-vars
  29:10  warning  'hide_all_steps' is defined but never used            no-unused-vars
  31:9   warning  '$' is not defined                                    no-undef

/home/runner/work/exp-conduction-slab-iitb/exp-conduction-slab-iitb/experiment/simulation/common_libraries/js/ts_components/matrix.js
   27:26  warning  'MathJax' is not defined                                no-undef
   32:7   warning  'Matrix_Without_String' is defined but never used       no-unused-vars
   52:26  warning  'MathJax' is not defined                                no-undef
   56:10  warning  'get_matrix_html' is defined but never used             no-unused-vars
   87:13  warning  'row_html' is assigned a value but never used           no-unused-vars
   99:10  warning  'get_matrix_html_with_title' is defined but never used  no-unused-vars
  131:13  warning  'row_html' is assigned a value but never used           no-unused-vars
  143:10  warning  'convert_2d_to_1d_vector' is defined but never used     no-unused-vars
  156:10  warning  'convert_1d_to_2d_matrix' is defined but never used     no-unused-vars

/home/runner/work/exp-conduction-slab-iitb/exp-conduction-slab-iitb/experiment/simulation/common_libraries/js/ts_components/pannel.js
  8:7  warning  'Pannel' is defined but never used  no-unused-vars

/home/runner/work/exp-conduction-slab-iitb/exp-conduction-slab-iitb/experiment/simulation/common_libraries/js/ts_components/questions.js
   6:17  warning  'op1' is assigned a value but never used      no-unused-vars
   7:17  warning  'op2' is assigned a value but never used      no-unused-vars
   8:17  warning  'op3' is assigned a value but never used      no-unused-vars
   9:17  warning  'op4' is assigned a value but never used      no-unused-vars
  94:7   warning  'Question_Options' is defined but never used  no-unused-vars

/home/runner/work/exp-conduction-slab-iitb/exp-conduction-slab-iitb/experiment/simulation/common_libraries/js/ts_components/tables.js
   19:22  warning  'verify_values' is not defined                                     no-undef
  137:22  warning  'verify_values' is not defined                                     no-undef
  260:7   warning  'Verify_Rows_Cols_6_decimal_places' is defined but never used      no-unused-vars
  311:22  warning  'verify_values' is not defined                                     no-undef
  416:7   warning  'Verify_Rows_Cols_Custom_Fixed_Update1' is defined but never used  no-unused-vars
  468:7   warning  'Show_Table_Custom_Fixed' is defined but never used                no-unused-vars
  506:7   warning  'Verify_Rows_Cols_Strings' is defined but never used               no-unused-vars
  527:22  warning  'verify_values' is not defined                                     no-undef
  663:7   warning  'Display_Table' is defined but never used                          no-unused-vars

/home/runner/work/exp-conduction-slab-iitb/exp-conduction-slab-iitb/experiment/simulation/common_libraries/js/ts_math_library/general_math_functions.js
    1:10  warning  'verify_values' is defined but never used                   no-unused-vars
   17:10  warning  'random1' is defined but never used                         no-unused-vars
   21:10  warning  'std_deviation' is defined but never used                   no-unused-vars
   26:10  warning  'gauss' is defined but never used                           no-unused-vars
   56:10  warning  'hide_panel' is defined but never used                      no-unused-vars
   63:10  warning  'inverse_matrix' is defined but never used                  no-unused-vars
   96:10  warning  'matrix_multiplication' is defined but never used           no-unused-vars
  113:10  warning  'transpose_matrix' is defined but never used                no-unused-vars
  123:10  warning  'matrix_multiplication_8decimal' is defined but never used  no-unused-vars
  140:10  warning  'adjoint_2x2_matrix' is defined but never used              no-unused-vars
  145:10  warning  'find_deteminant' is defined but never used                 no-unused-vars
  174:10  warning  'get_Submatrix' is defined but never used                   no-unused-vars

/home/runner/work/exp-conduction-slab-iitb/exp-conduction-slab-iitb/experiment/simulation/common_libraries/js/ts_math_library/regression.js
   1:10  warning  'regression_linear' is defined but never used            no-unused-vars
  18:10  warning  'regression_linear_1variable' is defined but never used  no-unused-vars
  27:10  warning  'regression_linear_2variable' is defined but never used  no-unused-vars
  52:11  warning  'gauss' is not defined                                   no-undef

/home/runner/work/exp-conduction-slab-iitb/exp-conduction-slab-iitb/experiment/simulation/common_libraries/math.ob.js
  1:745  warning  'b' is already defined  no-redeclare

/home/runner/work/exp-conduction-slab-iitb/exp-conduction-slab-iitb/experiment/simulation/js/activity1.js
   11:85   warning  'alpha' is not defined                            no-undef
   19:24   warning  'MathJax' is not defined                          no-undef
   22:10   warning  'start_act1' is defined but never used            no-unused-vars
   27:20   warning  'get_collapse_btn_text' is not defined            no-undef
   32:45   warning  'thickness' is not defined                        no-undef
   32:68   warning  'len' is not defined                              no-undef
   32:87   warning  'height' is not defined                           no-undef
   32:148  warning  'left_temp' is not defined                        no-undef
   32:185  warning  'right_temp' is not defined                       no-undef
   43:37   warning  'k_0' is not defined                              no-undef
   43:100  warning  'alpha' is not defined                            no-undef
   47:43   warning  'x' is not defined                                no-undef
   58:5    warning  'hide_all_steps' is not defined                   no-undef
   59:24   warning  'show_step' is not defined                        no-undef
   60:24   warning  'MathJax' is not defined                          no-undef
   63:10   warning  'display_fouriers_law' is defined but never used  no-unused-vars
   68:20   warning  'get_collapse_btn_text' is not defined            no-undef
   99:5    warning  'hide_all_steps' is not defined                   no-undef
  100:24   warning  'show_step' is not defined                        no-undef
  101:24   warning  'MathJax' is not defined                          no-undef
  119:24   warning  'Updated_Question' is not defined                 no-undef
  123:20   warning  'get_collapse_btn_text' is not defined            no-undef
  129:45   warning  'x' is not defined                                no-undef
  129:55   warning  'x' is not defined                                no-undef
  129:87   warning  'thickness' is not defined                        no-undef
  129:105  warning  'thickness' is not defined                        no-undef
  201:5    warning  'hide_all_steps' is not defined                   no-undef
  202:24   warning  'show_step' is not defined                        no-undef
  203:24   warning  'MathJax' is not defined                          no-undef
  207:5    warning  'c' is not defined                                no-undef
  207:15   warning  'thickness' is not defined                        no-undef
  207:41   warning  'alpha' is not defined                            no-undef
  207:55   warning  'left_temp' is not defined                        no-undef
  207:67   warning  'right_temp' is not defined                       no-undef
  207:83   warning  'left_temp' is not defined                        no-undef
  207:95   warning  'right_temp' is not defined                       no-undef
  208:5    warning  'a' is not defined                                no-undef
  208:9    warning  'left_temp' is not defined                        no-undef
  208:31   warning  'left_temp' is not defined                        no-undef
  208:49   warning  'alpha' is not defined                            no-undef
  209:5    warning  't_x' is not defined                              no-undef
  209:37   warning  'alpha' is not defined                            no-undef
  209:51   warning  'c' is not defined                                no-undef
  209:56   warning  'x' is not defined                                no-undef
  209:67   warning  'a' is not defined                                no-undef
  209:81   warning  'alpha' is not defined                            no-undef
  210:24   warning  'c' is not defined                                no-undef
  210:34   warning  'a' is not defined                                no-undef
  210:45   warning  't_x' is not defined                              no-undef
  212:10   warning  'verify0' is defined but never used               no-unused-vars
  214:24   warning  'c' is not defined                                no-undef
  214:34   warning  'a' is not defined                                no-undef
  214:45   warning  't_x' is not defined                              no-undef
  219:10   warning  'verify_values' is not defined                    no-undef
  219:48   warning  'c' is not defined                                no-undef
  223:10   warning  'verify_values' is not defined                    no-undef
  223:48   warning  't_x' is not defined                              no-undef
  229:25   warning  'c' is not defined                                no-undef
  231:25   warning  't_x' is not defined                              no-undef
  234:5    warning  'activity2' is not defined                        no-undef

/home/runner/work/exp-conduction-slab-iitb/exp-conduction-slab-iitb/experiment/simulation/js/activity2.js
    1:10   warning  'activity2' is defined but never used        no-unused-vars
    9:85   warning  'alpha2' is not defined                      no-undef
   16:5    warning  'maindiv' is not defined                     no-undef
   17:24   warning  'MathJax' is not defined                     no-undef
   20:10   warning  'start_act2' is defined but never used       no-unused-vars
   25:20   warning  'get_collapse_btn_text' is not defined       no-undef
   30:45   warning  'thickness' is not defined                   no-undef
   30:68   warning  'len' is not defined                         no-undef
   30:87   warning  'height' is not defined                      no-undef
   30:148  warning  'left_temp' is not defined                   no-undef
   30:185  warning  'right_temp' is not defined                  no-undef
   41:37   warning  'k_0' is not defined                         no-undef
   41:100  warning  'alpha2' is not defined                      no-undef
   45:43   warning  'x' is not defined                           no-undef
   55:5    warning  'maindiv' is not defined                     no-undef
   56:5    warning  'hide_all_steps' is not defined              no-undef
   57:24   warning  'show_step' is not defined                   no-undef
   58:24   warning  'MathJax' is not defined                     no-undef
  117:10   warning  'calculate_at_x2' is defined but never used  no-unused-vars
  118:20   warning  'get_collapse_btn_text' is not defined       no-undef
  124:45   warning  'x' is not defined                           no-undef
  124:55   warning  'x' is not defined                           no-undef
  124:87   warning  'thickness' is not defined                   no-undef
  124:105  warning  'thickness' is not defined                   no-undef
  195:5    warning  'maindiv' is not defined                     no-undef
  196:5    warning  'hide_all_steps' is not defined              no-undef
  197:24   warning  'show_step' is not defined                   no-undef
  198:24   warning  'MathJax' is not defined                     no-undef
  202:5    warning  'c2' is not defined                          no-undef
  202:16   warning  'thickness' is not defined                   no-undef
  202:42   warning  'alpha2' is not defined                      no-undef
  202:57   warning  'left_temp' is not defined                   no-undef
  202:69   warning  'right_temp' is not defined                  no-undef
  202:85   warning  'left_temp' is not defined                   no-undef
  202:97   warning  'right_temp' is not defined                  no-undef
  203:5    warning  'a2' is not defined                          no-undef
  203:10   warning  'left_temp' is not defined                   no-undef
  203:32   warning  'left_temp' is not defined                   no-undef
  203:50   warning  'alpha2' is not defined                      no-undef
  204:5    warning  't_x2' is not defined                        no-undef
  204:12   warning  'a2' is not defined                          no-undef
  204:17   warning  'c2' is not defined                          no-undef
  204:23   warning  'x' is not defined                           no-undef
  205:24   warning  'c2' is not defined                          no-undef
  205:35   warning  'a2' is not defined                          no-undef
  205:47   warning  't_x2' is not defined                        no-undef
  207:10   warning  'verify02' is defined but never used         no-unused-vars
  209:24   warning  'c2' is not defined                          no-undef
  209:35   warning  'a2' is not defined                          no-undef
  209:47   warning  't_x2' is not defined                        no-undef
  214:10   warning  'verify_values' is not defined               no-undef
  214:48   warning  'c2' is not defined                          no-undef
  218:10   warning  'verify_values' is not defined               no-undef
  218:48   warning  't_x2' is not defined                        no-undef
  224:25   warning  'c2' is not defined                          no-undef
  226:25   warning  't_x2' is not defined                        no-undef
  229:5    warning  'activity3' is not defined                   no-undef

/home/runner/work/exp-conduction-slab-iitb/exp-conduction-slab-iitb/experiment/simulation/js/activity3.js
    1:10   warning  'activity3' is defined but never used        no-unused-vars
    9:85   warning  'alpha3' is not defined                      no-undef
   16:5    warning  'maindiv' is not defined                     no-undef
   17:24   warning  'MathJax' is not defined                     no-undef
   20:10   warning  'start_act3' is defined but never used       no-unused-vars
   25:20   warning  'get_collapse_btn_text' is not defined       no-undef
   30:45   warning  'thickness' is not defined                   no-undef
   30:68   warning  'len' is not defined                         no-undef
   30:87   warning  'height' is not defined                      no-undef
   30:148  warning  'left_temp' is not defined                   no-undef
   30:185  warning  'right_temp' is not defined                  no-undef
   41:37   warning  'k_0' is not defined                         no-undef
   41:100  warning  'alpha3' is not defined                      no-undef
   45:43   warning  'x' is not defined                           no-undef
   55:5    warning  'maindiv' is not defined                     no-undef
   56:5    warning  'hide_all_steps' is not defined              no-undef
   57:24   warning  'show_step' is not defined                   no-undef
   58:24   warning  'MathJax' is not defined                     no-undef
   61:10   warning  'calculate_at_x3' is defined but never used  no-unused-vars
   62:20   warning  'get_collapse_btn_text' is not defined       no-undef
   68:45   warning  'x' is not defined                           no-undef
   68:55   warning  'x' is not defined                           no-undef
   68:87   warning  'thickness' is not defined                   no-undef
   68:105  warning  'thickness' is not defined                   no-undef
  139:5    warning  'maindiv' is not defined                     no-undef
  140:5    warning  'hide_all_steps' is not defined              no-undef
  141:24   warning  'show_step' is not defined                   no-undef
  142:24   warning  'MathJax' is not defined                     no-undef
  146:5    warning  'c3' is not defined                          no-undef
  146:16   warning  'thickness' is not defined                   no-undef
  146:42   warning  'alpha3' is not defined                      no-undef
  146:57   warning  'left_temp' is not defined                   no-undef
  146:69   warning  'right_temp' is not defined                  no-undef
  146:85   warning  'left_temp' is not defined                   no-undef
  146:97   warning  'right_temp' is not defined                  no-undef
  147:5    warning  'a3' is not defined                          no-undef
  147:10   warning  'left_temp' is not defined                   no-undef
  147:32   warning  'left_temp' is not defined                   no-undef
  147:50   warning  'alpha3' is not defined                      no-undef
  148:5    warning  't_x3' is not defined                        no-undef
  148:38   warning  'alpha3' is not defined                      no-undef
  148:53   warning  'c3' is not defined                          no-undef
  148:59   warning  'x' is not defined                           no-undef
  148:70   warning  'a3' is not defined                          no-undef
  148:85   warning  'alpha3' is not defined                      no-undef
  149:24   warning  'c3' is not defined                          no-undef
  149:35   warning  'a3' is not defined                          no-undef
  149:47   warning  't_x3' is not defined                        no-undef
  151:10   warning  'verify03' is defined but never used         no-unused-vars
  153:24   warning  'c3' is not defined                          no-undef
  153:35   warning  'a3' is not defined                          no-undef
  153:47   warning  't_x3' is not defined                        no-undef
  158:10   warning  'verify_values' is not defined               no-undef
  158:48   warning  'c3' is not defined                          no-undef
  162:10   warning  'verify_values' is not defined               no-undef
  162:48   warning  't_x3' is not defined                        no-undef
  168:25   warning  'c3' is not defined                          no-undef
  170:25   warning  't_x3' is not defined                        no-undef
  173:5    warning  'start_act4' is not defined                  no-undef

/home/runner/work/exp-conduction-slab-iitb/exp-conduction-slab-iitb/experiment/simulation/js/activity4.js
   1:10  warning  'start_act4' is defined but never used     no-unused-vars
   2:20  warning  'get_collapse_btn_text' is not defined     no-undef
  11:5   warning  'maindiv' is not defined                   no-undef
  13:9   warning  'show_step' is not defined                 no-undef
  17:24  warning  'MathJax' is not defined                   no-undef
  19:10  warning  'load_x_values' is defined but never used  no-unused-vars
  21:5   warning  'tab4_x' is not defined                    no-undef
  22:35  warning  'alpha' is not defined                     no-undef
  22:49  warning  'a' is not defined                         no-undef
  22:63  warning  'alpha' is not defined                     no-undef
  23:9   warning  't_x' is not defined                       no-undef
  24:35  warning  'alpha' is not defined                     no-undef
  24:49  warning  'c' is not defined                         no-undef
  24:66  warning  'a' is not defined                         no-undef
  24:80  warning  'alpha' is not defined                     no-undef
  26:5   warning  'tab4_x' is not defined                    no-undef
  27:9   warning  'a2' is not defined                        no-undef
  28:9   warning  't_x2' is not defined                      no-undef
  29:9   warning  'a2' is not defined                        no-undef
  29:14  warning  'c2' is not defined                        no-undef
  31:5   warning  'tab4_x' is not defined                    no-undef
  32:35  warning  'alpha3' is not defined                    no-undef
  32:50  warning  'a3' is not defined                        no-undef
  32:65  warning  'alpha3' is not defined                    no-undef
  33:9   warning  't_x3' is not defined                      no-undef
  34:35  warning  'alpha3' is not defined                    no-undef
  34:50  warning  'c3' is not defined                        no-undef
  34:68  warning  'a3' is not defined                        no-undef
  34:83  warning  'alpha3' is not defined                    no-undef
  47:21  warning  'Chart' is not defined                     no-undef
  50:21  warning  'tab4_y' is not defined                    no-undef
  53:39  warning  'alpha' is not defined                     no-undef
  54:27  warning  'tab4_x' is not defined                    no-undef
  61:39  warning  'alpha2' is not defined                    no-undef
  62:27  warning  'tab4_x' is not defined                    no-undef
  69:39  warning  'alpha3' is not defined                    no-undef
  70:27  warning  'tab4_x' is not defined                    no-undef

/home/runner/work/exp-conduction-slab-iitb/exp-conduction-slab-iitb/experiment/simulation/js/data.js
   2:5  warning  'thickness' is assigned a value but never used   no-unused-vars
   3:5  warning  'len' is assigned a value but never used         no-unused-vars
   4:5  warning  'height' is assigned a value but never used      no-unused-vars
   5:5  warning  'left_temp' is assigned a value but never used   no-unused-vars
   6:5  warning  'right_temp' is assigned a value but never used  no-unused-vars
   7:5  warning  'k_0' is assigned a value but never used         no-unused-vars
   9:5  warning  'alpha' is assigned a value but never used       no-unused-vars
  10:5  warning  'alpha2' is assigned a value but never used      no-unused-vars
  11:5  warning  'alpha3' is assigned a value but never used      no-unused-vars
  12:5  warning  'x' is assigned a value but never used           no-unused-vars
  14:5  warning  'c' is assigned a value but never used           no-unused-vars
  15:5  warning  't_x' is assigned a value but never used         no-unused-vars
  16:5  warning  'a' is assigned a value but never used           no-unused-vars
  18:5  warning  'c2' is assigned a value but never used          no-unused-vars
  19:5  warning  't_x2' is assigned a value but never used        no-unused-vars
  20:5  warning  'a2' is assigned a value but never used          no-unused-vars
  22:5  warning  'c3' is assigned a value but never used          no-unused-vars
  23:5  warning  't_x3' is assigned a value but never used        no-unused-vars
  24:5  warning  'a3' is assigned a value but never used          no-unused-vars
  26:5  warning  'tab4_y' is assigned a value but never used      no-unused-vars
  27:5  warning  'tab4_x' is assigned a value but never used      no-unused-vars

/home/runner/work/exp-conduction-slab-iitb/exp-conduction-slab-iitb/experiment/simulation/js/gauss_ele.js
  42:10  warning  'gauss_ele' is defined but never used  no-unused-vars

/home/runner/work/exp-conduction-slab-iitb/exp-conduction-slab-iitb/experiment/simulation/js/screen_size.js
  1:10  warning  'set_screen_size' is defined but never used  no-unused-vars

/home/runner/work/exp-conduction-slab-iitb/exp-conduction-slab-iitb/experiment/simulation/js/trap.js
   4:10  warning  'generate_data' is defined but never used  no-unused-vars
  13:10  warning  'trap' is defined but never used           no-unused-vars
  21:10  warning  'sim1by3' is defined but never used        no-unused-vars
  29:10  warning  'sim3by8' is defined but never used        no-unused-vars

✖ 291 problems (0 errors, 291 warnings)

